[INFO] 2025-11-26 08:56:16,768 django Redis connection couldn't be established Error -2 connecting to redis:6379. Name or service not known.
[INFO] 2025-11-26 08:56:17,136 django Redis connection couldn't be established Error -2 connecting to redis:6379. Name or service not known.
[INFO] 2025-11-26 09:03:46,059 django Redis connection couldn't be established Error -2 connecting to redis:6379. Name or service not known.
[INFO] 2025-11-26 09:03:46,553 django Redis connection couldn't be established Error -2 connecting to redis:6379. Name or service not known.
[INFO] 2025-11-26 09:03:46,906 django Redis connection couldn't be established Error -2 connecting to redis:6379. Name or service not known.
[INFO] 2025-11-26 09:03:47,076 django Redis connection couldn't be established Error -2 connecting to redis:6379. Name or service not known.
[INFO] 2025-11-26 09:03:47,086 django.utils.autoreload Watching for file changes with StatReloader
[ERROR] 2025-11-27 16:40:42,899 django.security.DisallowedHost Invalid HTTP_HOST header: 'ovpn:8080'. You may need to add 'ovpn' to ALLOWED_HOSTS.
Traceback (most recent call last):
  File "/usr/local/lib/python3.12/site-packages/django/core/handlers/exception.py", line 55, in inner
    response = get_response(request)
               ^^^^^^^^^^^^^^^^^^^^^
  File "/usr/local/lib/python3.12/site-packages/django/utils/deprecation.py", line 119, in __call__
    response = self.process_request(request)
               ^^^^^^^^^^^^^^^^^^^^^^^^^^^^^
  File "/usr/local/lib/python3.12/site-packages/django/middleware/common.py", line 48, in process_request
    host = request.get_host()
           ^^^^^^^^^^^^^^^^^^
  File "/usr/local/lib/python3.12/site-packages/django/http/request.py", line 202, in get_host
    raise DisallowedHost(msg)
django.core.exceptions.DisallowedHost: Invalid HTTP_HOST header: 'ovpn:8080'. You may need to add 'ovpn' to ALLOWED_HOSTS.
[ERROR] 2025-11-27 16:40:54,194 django.security.DisallowedHost Invalid HTTP_HOST header: 'ovpn:8080'. You may need to add 'ovpn' to ALLOWED_HOSTS.
Traceback (most recent call last):
  File "/usr/local/lib/python3.12/site-packages/django/core/handlers/exception.py", line 55, in inner
    response = get_response(request)
               ^^^^^^^^^^^^^^^^^^^^^
  File "/usr/local/lib/python3.12/site-packages/django/utils/deprecation.py", line 119, in __call__
    response = self.process_request(request)
               ^^^^^^^^^^^^^^^^^^^^^^^^^^^^^
  File "/usr/local/lib/python3.12/site-packages/django/middleware/common.py", line 48, in process_request
    host = request.get_host()
           ^^^^^^^^^^^^^^^^^^
  File "/usr/local/lib/python3.12/site-packages/django/http/request.py", line 202, in get_host
    raise DisallowedHost(msg)
django.core.exceptions.DisallowedHost: Invalid HTTP_HOST header: 'ovpn:8080'. You may need to add 'ovpn' to ALLOWED_HOSTS.
[ERROR] 2025-11-27 16:40:55,990 django.security.DisallowedHost Invalid HTTP_HOST header: 'ovpn:8080'. You may need to add 'ovpn' to ALLOWED_HOSTS.
Traceback (most recent call last):
  File "/usr/local/lib/python3.12/site-packages/django/core/handlers/exception.py", line 55, in inner
    response = get_response(request)
               ^^^^^^^^^^^^^^^^^^^^^
  File "/usr/local/lib/python3.12/site-packages/django/utils/deprecation.py", line 119, in __call__
    response = self.process_request(request)
               ^^^^^^^^^^^^^^^^^^^^^^^^^^^^^
  File "/usr/local/lib/python3.12/site-packages/django/middleware/common.py", line 48, in process_request
    host = request.get_host()
           ^^^^^^^^^^^^^^^^^^
  File "/usr/local/lib/python3.12/site-packages/django/http/request.py", line 202, in get_host
    raise DisallowedHost(msg)
django.core.exceptions.DisallowedHost: Invalid HTTP_HOST header: 'ovpn:8080'. You may need to add 'ovpn' to ALLOWED_HOSTS.
[ERROR] 2025-11-27 16:42:40,148 django.security.DisallowedHost Invalid HTTP_HOST header: 'ovpn:8080'. You may need to add 'ovpn' to ALLOWED_HOSTS.
Traceback (most recent call last):
  File "/usr/local/lib/python3.12/site-packages/django/core/handlers/exception.py", line 55, in inner
    response = get_response(request)
               ^^^^^^^^^^^^^^^^^^^^^
  File "/usr/local/lib/python3.12/site-packages/django/utils/deprecation.py", line 119, in __call__
    response = self.process_request(request)
               ^^^^^^^^^^^^^^^^^^^^^^^^^^^^^
  File "/usr/local/lib/python3.12/site-packages/django/middleware/common.py", line 48, in process_request
    host = request.get_host()
           ^^^^^^^^^^^^^^^^^^
  File "/usr/local/lib/python3.12/site-packages/django/http/request.py", line 202, in get_host
    raise DisallowedHost(msg)
django.core.exceptions.DisallowedHost: Invalid HTTP_HOST header: 'ovpn:8080'. You may need to add 'ovpn' to ALLOWED_HOSTS.
[ERROR] 2025-11-27 16:42:51,183 django.security.DisallowedHost Invalid HTTP_HOST header: 'ovpn:8080'. You may need to add 'ovpn' to ALLOWED_HOSTS.
Traceback (most recent call last):
  File "/usr/local/lib/python3.12/site-packages/django/core/handlers/exception.py", line 55, in inner
    response = get_response(request)
               ^^^^^^^^^^^^^^^^^^^^^
  File "/usr/local/lib/python3.12/site-packages/django/utils/deprecation.py", line 119, in __call__
    response = self.process_request(request)
               ^^^^^^^^^^^^^^^^^^^^^^^^^^^^^
  File "/usr/local/lib/python3.12/site-packages/django/middleware/common.py", line 48, in process_request
    host = request.get_host()
           ^^^^^^^^^^^^^^^^^^
  File "/usr/local/lib/python3.12/site-packages/django/http/request.py", line 202, in get_host
    raise DisallowedHost(msg)
django.core.exceptions.DisallowedHost: Invalid HTTP_HOST header: 'ovpn:8080'. You may need to add 'ovpn' to ALLOWED_HOSTS.
[ERROR] 2025-11-27 16:42:53,015 django.security.DisallowedHost Invalid HTTP_HOST header: 'ovpn:8080'. You may need to add 'ovpn' to ALLOWED_HOSTS.
Traceback (most recent call last):
  File "/usr/local/lib/python3.12/site-packages/django/core/handlers/exception.py", line 55, in inner
    response = get_response(request)
               ^^^^^^^^^^^^^^^^^^^^^
  File "/usr/local/lib/python3.12/site-packages/django/utils/deprecation.py", line 119, in __call__
    response = self.process_request(request)
               ^^^^^^^^^^^^^^^^^^^^^^^^^^^^^
  File "/usr/local/lib/python3.12/site-packages/django/middleware/common.py", line 48, in process_request
    host = request.get_host()
           ^^^^^^^^^^^^^^^^^^
  File "/usr/local/lib/python3.12/site-packages/django/http/request.py", line 202, in get_host
    raise DisallowedHost(msg)
django.core.exceptions.DisallowedHost: Invalid HTTP_HOST header: 'ovpn:8080'. You may need to add 'ovpn' to ALLOWED_HOSTS.
[ERROR] 2025-11-27 16:47:05,790 django.security.DisallowedHost Invalid HTTP_HOST header: 'ovpn.dorb.internal'. You may need to add 'ovpn.dorb.internal' to ALLOWED_HOSTS.
Traceback (most recent call last):
  File "/usr/local/lib/python3.12/site-packages/django/core/handlers/exception.py", line 55, in inner
    response = get_response(request)
               ^^^^^^^^^^^^^^^^^^^^^
  File "/usr/local/lib/python3.12/site-packages/django/utils/deprecation.py", line 119, in __call__
    response = self.process_request(request)
               ^^^^^^^^^^^^^^^^^^^^^^^^^^^^^
  File "/usr/local/lib/python3.12/site-packages/django/middleware/common.py", line 48, in process_request
    host = request.get_host()
           ^^^^^^^^^^^^^^^^^^
  File "/usr/local/lib/python3.12/site-packages/django/http/request.py", line 202, in get_host
    raise DisallowedHost(msg)
django.core.exceptions.DisallowedHost: Invalid HTTP_HOST header: 'ovpn.dorb.internal'. You may need to add 'ovpn.dorb.internal' to ALLOWED_HOSTS.
[ERROR] 2025-11-27 16:47:05,952 django.security.DisallowedHost Invalid HTTP_HOST header: 'ovpn.dorb.internal'. You may need to add 'ovpn.dorb.internal' to ALLOWED_HOSTS.
Traceback (most recent call last):
  File "/usr/local/lib/python3.12/site-packages/django/core/handlers/exception.py", line 55, in inner
    response = get_response(request)
               ^^^^^^^^^^^^^^^^^^^^^
  File "/usr/local/lib/python3.12/site-packages/django/utils/deprecation.py", line 119, in __call__
    response = self.process_request(request)
               ^^^^^^^^^^^^^^^^^^^^^^^^^^^^^
  File "/usr/local/lib/python3.12/site-packages/django/middleware/common.py", line 48, in process_request
    host = request.get_host()
           ^^^^^^^^^^^^^^^^^^
  File "/usr/local/lib/python3.12/site-packages/django/http/request.py", line 202, in get_host
    raise DisallowedHost(msg)
django.core.exceptions.DisallowedHost: Invalid HTTP_HOST header: 'ovpn.dorb.internal'. You may need to add 'ovpn.dorb.internal' to ALLOWED_HOSTS.
[ERROR] 2025-11-27 16:47:16,036 django.security.DisallowedHost Invalid HTTP_HOST header: 'ovpn.dorb.internal'. You may need to add 'ovpn.dorb.internal' to ALLOWED_HOSTS.
Traceback (most recent call last):
  File "/usr/local/lib/python3.12/site-packages/django/core/handlers/exception.py", line 55, in inner
    response = get_response(request)
               ^^^^^^^^^^^^^^^^^^^^^
  File "/usr/local/lib/python3.12/site-packages/django/utils/deprecation.py", line 119, in __call__
    response = self.process_request(request)
               ^^^^^^^^^^^^^^^^^^^^^^^^^^^^^
  File "/usr/local/lib/python3.12/site-packages/django/middleware/common.py", line 48, in process_request
    host = request.get_host()
           ^^^^^^^^^^^^^^^^^^
  File "/usr/local/lib/python3.12/site-packages/django/http/request.py", line 202, in get_host
    raise DisallowedHost(msg)
django.core.exceptions.DisallowedHost: Invalid HTTP_HOST header: 'ovpn.dorb.internal'. You may need to add 'ovpn.dorb.internal' to ALLOWED_HOSTS.
[ERROR] 2025-11-27 16:47:16,115 django.security.DisallowedHost Invalid HTTP_HOST header: 'ovpn.dorb.internal'. You may need to add 'ovpn.dorb.internal' to ALLOWED_HOSTS.
Traceback (most recent call last):
  File "/usr/local/lib/python3.12/site-packages/django/core/handlers/exception.py", line 55, in inner
    response = get_response(request)
               ^^^^^^^^^^^^^^^^^^^^^
  File "/usr/local/lib/python3.12/site-packages/django/utils/deprecation.py", line 119, in __call__
    response = self.process_request(request)
               ^^^^^^^^^^^^^^^^^^^^^^^^^^^^^
  File "/usr/local/lib/python3.12/site-packages/django/middleware/common.py", line 48, in process_request
    host = request.get_host()
           ^^^^^^^^^^^^^^^^^^
  File "/usr/local/lib/python3.12/site-packages/django/http/request.py", line 202, in get_host
    raise DisallowedHost(msg)
django.core.exceptions.DisallowedHost: Invalid HTTP_HOST header: 'ovpn.dorb.internal'. You may need to add 'ovpn.dorb.internal' to ALLOWED_HOSTS.
